<?xml version="1.0" encoding="UTF-8"?>
<testsuite name="org.example.controller.MainControllerTest" tests="4" skipped="0" failures="0" errors="0" timestamp="2024-04-29T13:29:17" hostname="LAPTOP-ED5NM171" time="44.762">
  <properties/>
  <testcase name="testGetShortLink()" classname="org.example.controller.MainControllerTest" time="2.729"/>
  <testcase name="testGetLongLink()" classname="org.example.controller.MainControllerTest" time="0.015"/>
  <testcase name="testLinkNotFound()" classname="org.example.controller.MainControllerTest" time="0.006"/>
  <testcase name="testUniqueness()" classname="org.example.controller.MainControllerTest" time="42.005"/>
  <system-out><![CDATA[17:29:10.924 [Test worker] INFO org.springframework.test.context.support.AnnotationConfigContextLoaderUtils -- Could not detect default configuration classes for test class [org.example.controller.MainControllerTest]: MainControllerTest does not declare any static, non-private, non-final, nested classes annotated with @Configuration.
17:29:11.166 [Test worker] INFO org.springframework.boot.test.context.SpringBootTestContextBootstrapper -- Found @SpringBootConfiguration org.example.LinkShortenerApplication for test class org.example.controller.MainControllerTest

  .   ____          _            __ _ _
 /\\ / ___'_ __ _ _(_)_ __  __ _ \ \ \ \
( ( )\___ | '_ | '_| | '_ \/ _` | \ \ \ \
 \\/  ___)| |_)| | | | | || (_| |  ) ) ) )
  '  |____| .__|_| |_|_| |_\__, | / / / /
 =========|_|==============|___/=/_/_/_/
 :: Spring Boot ::                (v3.2.4)

2024-04-29T17:29:11.835+04:00  INFO 14400 --- [    Test worker] o.example.controller.MainControllerTest  : Starting MainControllerTest using Java 17.0.6 with PID 14400 (started by 1 in C:\Рома\Проекты\Тинькофф\LinkShortener)
2024-04-29T17:29:11.839+04:00  INFO 14400 --- [    Test worker] o.example.controller.MainControllerTest  : No active profile set, falling back to 1 default profile: "default"
2024-04-29T17:29:13.025+04:00  WARN 14400 --- [    Test worker] trationDelegate$BeanPostProcessorChecker : Bean 'org.springframework.ws.config.annotation.DelegatingWsConfiguration' of type [org.springframework.ws.config.annotation.DelegatingWsConfiguration$$SpringCGLIB$$0] is not eligible for getting processed by all BeanPostProcessors (for example: not eligible for auto-proxying). The currently created BeanPostProcessor [annotationActionEndpointMapping] is declared through a non-static factory method on that class; consider declaring it as static instead.
2024-04-29T17:29:13.083+04:00  INFO 14400 --- [    Test worker] .w.s.a.s.AnnotationActionEndpointMapping : Supporting [WS-Addressing August 2004, WS-Addressing 1.0]
2024-04-29T17:29:16.914+04:00  INFO 14400 --- [    Test worker] o.s.b.t.m.w.SpringBootMockServletContext : Initializing Spring TestDispatcherServlet ''
2024-04-29T17:29:16.915+04:00  INFO 14400 --- [    Test worker] o.s.t.web.servlet.TestDispatcherServlet  : Initializing Servlet ''
2024-04-29T17:29:16.919+04:00  INFO 14400 --- [    Test worker] o.s.t.web.servlet.TestDispatcherServlet  : Completed initialization in 2 ms
2024-04-29T17:29:16.990+04:00  INFO 14400 --- [    Test worker] o.example.controller.MainControllerTest  : Started MainControllerTest in 5.6 seconds (process running for 7.881)
]]></system-out>
  <system-err><![CDATA[]]></system-err>
</testsuite>
